<?xml version="1.0" encoding="UTF-8"?>
<testng-results ignored="0" total="2" passed="2" failed="0" skipped="0">
  <reporter-output>
  </reporter-output>
  <suite started-at="2020-10-05T07:13:05Z" name="Default suite" finished-at="2020-10-05T07:13:36Z" duration-ms="30995">
    <groups>
    </groups>
    <test started-at="2020-10-05T07:13:05Z" name="Default test" finished-at="2020-10-05T07:13:36Z" duration-ms="30995">
      <class name="Dummy.ExtendReport">
        <test-method is-config="true" signature="setup()[pri:0, instance:Dummy.ExtendReport@394df057]" started-at="2020-10-05T12:43:05Z" name="setup" finished-at="2020-10-05T12:43:17Z" duration-ms="11619" status="PASS">
          <reporter-output>
          </reporter-output>
        </test-method> <!-- setup -->
        <test-method signature="test1()[pri:0, instance:Dummy.ExtendReport@394df057]" started-at="2020-10-05T12:43:17Z" name="test1" finished-at="2020-10-05T12:43:17Z" duration-ms="20" status="PASS">
          <reporter-output>
          </reporter-output>
        </test-method> <!-- test1 -->
        <test-method is-config="true" signature="teardown()[pri:0, instance:Dummy.ExtendReport@394df057]" started-at="2020-10-05T12:43:17Z" name="teardown" finished-at="2020-10-05T12:43:18Z" duration-ms="1226" status="PASS">
          <reporter-output>
          </reporter-output>
        </test-method> <!-- teardown -->
        <test-method is-config="true" signature="setup()[pri:0, instance:Dummy.ExtendReport@394df057]" started-at="2020-10-05T12:43:18Z" name="setup" finished-at="2020-10-05T12:43:35Z" duration-ms="16624" status="PASS">
          <reporter-output>
          </reporter-output>
        </test-method> <!-- setup -->
        <test-method signature="test2()[pri:0, instance:Dummy.ExtendReport@394df057]" started-at="2020-10-05T12:43:35Z" name="test2" finished-at="2020-10-05T12:43:35Z" duration-ms="118" status="PASS">
          <reporter-output>
          </reporter-output>
        </test-method> <!-- test2 -->
        <test-method is-config="true" signature="teardown()[pri:0, instance:Dummy.ExtendReport@394df057]" started-at="2020-10-05T12:43:35Z" name="teardown" finished-at="2020-10-05T12:43:36Z" duration-ms="1358" status="PASS">
          <reporter-output>
          </reporter-output>
        </test-method> <!-- teardown -->
      </class> <!-- Dummy.ExtendReport -->
    </test> <!-- Default test -->
  </suite> <!-- Default suite -->
</testng-results>
